[    23.775] (--) Log file renamed from "/home/shyngys/.local/share/xorg/Xorg.pid-847.log" to "/home/shyngys/.local/share/xorg/Xorg.0.log"
[    23.780] 
X.Org X Server 1.19.6
Release Date: 2017-12-20
[    23.780] X Protocol Version 11, Revision 0
[    23.780] Build Operating System: Linux 4.4.0-138-generic x86_64 Ubuntu
[    23.780] Current Operating System: Linux shyngys-VirtualBox 4.15.0-45-generic #48-Ubuntu SMP Tue Jan 29 16:28:13 UTC 2019 x86_64
[    23.780] Kernel command line: BOOT_IMAGE=/boot/vmlinuz-4.15.0-45-generic root=UUID=59aa7434-e16f-4c30-8fa3-190cabcd165b ro quiet splash
[    23.780] Build Date: 25 October 2018  04:11:27PM
[    23.780] xorg-server 2:1.19.6-1ubuntu4.2 (For technical support please see http://www.ubuntu.com/support) 
[    23.780] Current version of pixman: 0.34.0
[    23.780] 	Before reporting problems, check http://wiki.x.org
	to make sure that you have the latest version.
[    23.780] Markers: (--) probed, (**) from config file, (==) default setting,
	(++) from command line, (!!) notice, (II) informational,
	(WW) warning, (EE) error, (NI) not implemented, (??) unknown.
[    23.780] (==) Log file: "/home/shyngys/.local/share/xorg/Xorg.0.log", Time: Fri Feb  8 15:28:33 2019
[    23.806] (==) Using system config directory "/usr/share/X11/xorg.conf.d"
[    23.813] (==) No Layout section.  Using the first Screen section.
[    23.813] (==) No screen section available. Using defaults.
[    23.813] (**) |-->Screen "Default Screen Section" (0)
[    23.813] (**) |   |-->Monitor "<default monitor>"
[    23.818] (==) No monitor specified for screen "Default Screen Section".
	Using a default monitor configuration.
[    23.818] (==) Automatically adding devices
[    23.819] (==) Automatically enabling devices
[    23.819] (==) Automatically adding GPU devices
[    23.819] (==) Automatically binding GPU devices
[    23.819] (==) Max clients allowed: 256, resource mask: 0x1fffff
[    23.828] (WW) The directory "/usr/share/fonts/X11/cyrillic" does not exist.
[    23.828] 	Entry deleted from font path.
[    23.828] (WW) The directory "/usr/share/fonts/X11/100dpi/" does not exist.
[    23.828] 	Entry deleted from font path.
[    23.828] (WW) The directory "/usr/share/fonts/X11/75dpi/" does not exist.
[    23.828] 	Entry deleted from font path.
[    23.835] (WW) The directory "/usr/share/fonts/X11/100dpi" does not exist.
[    23.835] 	Entry deleted from font path.
[    23.835] (WW) The directory "/usr/share/fonts/X11/75dpi" does not exist.
[    23.835] 	Entry deleted from font path.
[    23.835] (==) FontPath set to:
	/usr/share/fonts/X11/misc,
	/usr/share/fonts/X11/Type1,
	built-ins
[    23.835] (==) ModulePath set to "/usr/lib/xorg/modules"
[    23.835] (II) The server relies on udev to provide the list of input devices.
	If no devices become available, reconfigure udev or disable AutoAddDevices.
[    23.836] (II) Loader magic: 0x55ad10650020
[    23.836] (II) Module ABI versions:
[    23.836] 	X.Org ANSI C Emulation: 0.4
[    23.836] 	X.Org Video Driver: 23.0
[    23.836] 	X.Org XInput driver : 24.1
[    23.836] 	X.Org Server Extension : 10.0
[    23.837] (++) using VT number 1

[    23.840] (II) systemd-logind: took control of session /org/freedesktop/login1/session/_31
[    23.840] (II) xfree86: Adding drm device (/dev/dri/card0)
[    23.844] (II) systemd-logind: got fd for /dev/dri/card0 226:0 fd 12 paused 0
[    23.852] (--) PCI:*(0:0:2:0) 15ad:0405:15ad:0405 rev 0, Mem @ 0xf0000000/33554432, 0xf2000000/2097152, I/O @ 0x0000d010/16, BIOS @ 0x????????/131072
[    23.852] (II) LoadModule: "glx"
[    23.864] (II) Loading /usr/lib/xorg/modules/extensions/libglx.so
[    23.907] (II) Module glx: vendor="X.Org Foundation"
[    23.907] 	compiled for 1.19.6, module version = 1.0.0
[    23.907] 	ABI class: X.Org Server Extension, version 10.0
[    23.908] (==) Matched vmware as autoconfigured driver 0
[    23.908] (==) Matched vmware as autoconfigured driver 1
[    23.908] (==) Matched modesetting as autoconfigured driver 2
[    23.908] (==) Matched fbdev as autoconfigured driver 3
[    23.908] (==) Matched vesa as autoconfigured driver 4
[    23.908] (==) Assigned the driver to the xf86ConfigLayout
[    23.908] (II) LoadModule: "vmware"
[    23.908] (II) Loading /usr/lib/xorg/modules/drivers/vmware_drv.so
[    24.854] (II) Module vmware: vendor="X.Org Foundation"
[    24.854] 	compiled for 1.19.3, module version = 13.2.1
[    24.855] 	Module class: X.Org Video Driver
[    24.855] 	ABI class: X.Org Video Driver, version 23.0
[    24.855] (II) LoadModule: "modesetting"
[    24.855] (II) Loading /usr/lib/xorg/modules/drivers/modesetting_drv.so
[    24.859] (II) Module modesetting: vendor="X.Org Foundation"
[    24.859] 	compiled for 1.19.6, module version = 1.19.6
[    24.859] 	Module class: X.Org Video Driver
[    24.859] 	ABI class: X.Org Video Driver, version 23.0
[    24.859] (II) LoadModule: "fbdev"
[    24.860] (II) Loading /usr/lib/xorg/modules/drivers/fbdev_drv.so
[    24.867] (II) Module fbdev: vendor="X.Org Foundation"
[    24.867] 	compiled for 1.19.3, module version = 0.4.4
[    24.867] 	Module class: X.Org Video Driver
[    24.867] 	ABI class: X.Org Video Driver, version 23.0
[    24.867] (II) LoadModule: "vesa"
[    24.867] (II) Loading /usr/lib/xorg/modules/drivers/vesa_drv.so
[    24.869] (II) Module vesa: vendor="X.Org Foundation"
[    24.869] 	compiled for 1.19.3, module version = 2.3.4
[    24.869] 	Module class: X.Org Video Driver
[    24.869] 	ABI class: X.Org Video Driver, version 23.0
[    24.869] (II) vmware: driver for VMware SVGA: vmware0405, vmware0710
[    24.869] (II) modesetting: Driver for Modesetting Kernel Drivers: kms
[    24.870] (II) FBDEV: driver for framebuffer: fbdev
[    24.870] (II) VESA: driver for VESA chipsets: vesa
[    24.870] xf86EnableIOPorts: failed to set IOPL for I/O (Operation not permitted)
[    24.870] (WW) Falling back to old probe method for modesetting
[    24.870] (WW) Falling back to old probe method for fbdev
[    24.870] (II) Loading sub module "fbdevhw"
[    24.870] (II) LoadModule: "fbdevhw"
[    24.871] (II) Loading /usr/lib/xorg/modules/libfbdevhw.so
[    24.878] (II) Module fbdevhw: vendor="X.Org Foundation"
[    24.878] 	compiled for 1.19.6, module version = 0.0.2
[    24.879] 	ABI class: X.Org Video Driver, version 23.0
[    24.879] (EE) open /dev/fb0: Permission denied
[    24.879] (WW) Falling back to old probe method for vesa
[    24.879] (WW) VGA arbiter: cannot open kernel arbiter, no multi-card support
[    24.879] (II) vmware(0): Creating default Display subsection in Screen section
	"Default Screen Section" for depth/fbbpp 24/32
[    24.879] (--) vmware(0): DRM driver version is 2.14.0
[    24.879] (==) vmware(0): Depth 24, (--) framebuffer bpp 32
[    24.879] (==) vmware(0): RGB weight 888
[    24.879] (==) vmware(0): Default visual is TrueColor
[    24.880] (--) vmware(0): Min width 1, Max Width 8192.
[    24.880] (--) vmware(0): Min height 1, Max Height 8192.
[    24.880] (II) vmware(0): Output Virtual1 has no monitor section
[    24.881] (II) vmware(0): Output Virtual2 has no monitor section
[    24.881] (II) vmware(0): Output Virtual3 has no monitor section
[    24.881] (II) vmware(0): Output Virtual4 has no monitor section
[    24.881] (II) vmware(0): Output Virtual5 has no monitor section
[    24.881] (II) vmware(0): Output Virtual6 has no monitor section
[    24.881] (II) vmware(0): Output Virtual7 has no monitor section
[    24.881] (II) vmware(0): Output Virtual8 has no monitor section
[    24.882] (II) vmware(0): Printing probed modes for output Virtual1
[    24.882] (II) vmware(0): Modeline "800x600"x60.0   42.75  800 850 900 950  600 650 700 750 -hsync +vsync (45.0 kHz eP)
[    24.882] (II) vmware(0): Modeline "2560x1600"x60.0  348.50  2560 2752 3032 3504  1600 1603 1609 1658 -hsync +vsync (99.5 kHz e)
[    24.882] (II) vmware(0): Modeline "1920x1440"x60.0  234.00  1920 2048 2256 2600  1440 1441 1444 1500 -hsync +vsync (90.0 kHz e)
[    24.883] (II) vmware(0): Modeline "1856x1392"x60.0  218.25  1856 1952 2176 2528  1392 1393 1396 1439 -hsync +vsync (86.3 kHz e)
[    24.883] (II) vmware(0): Modeline "1792x1344"x60.0  204.75  1792 1920 2120 2448  1344 1345 1348 1394 -hsync +vsync (83.6 kHz e)
[    24.883] (II) vmware(0): Modeline "1920x1200"x59.9  193.25  1920 2056 2256 2592  1200 1203 1209 1245 -hsync +vsync (74.6 kHz e)
[    24.883] (II) vmware(0): Modeline "1600x1200"x60.0  162.00  1600 1664 1856 2160  1200 1201 1204 1250 +hsync +vsync (75.0 kHz e)
[    24.883] (II) vmware(0): Modeline "1680x1050"x60.0  146.25  1680 1784 1960 2240  1050 1053 1059 1089 -hsync +vsync (65.3 kHz e)
[    24.883] (II) vmware(0): Modeline "1400x1050"x60.0  121.75  1400 1488 1632 1864  1050 1053 1057 1089 -hsync +vsync (65.3 kHz e)
[    24.883] (II) vmware(0): Modeline "1280x1024"x60.0  108.00  1280 1328 1440 1688  1024 1025 1028 1066 +hsync +vsync (64.0 kHz e)
[    24.883] (II) vmware(0): Modeline "1440x900"x59.9  106.50  1440 1520 1672 1904  900 903 909 934 -hsync +vsync (55.9 kHz e)
[    24.883] (II) vmware(0): Modeline "1280x960"x60.0  108.00  1280 1376 1488 1800  960 961 964 1000 +hsync +vsync (60.0 kHz e)
[    24.883] (II) vmware(0): Modeline "1360x768"x60.0   85.50  1360 1424 1536 1792  768 771 777 795 +hsync +vsync (47.7 kHz e)
[    24.884] (II) vmware(0): Modeline "1280x800"x59.8   83.50  1280 1352 1480 1680  800 803 809 831 +hsync -vsync (49.7 kHz e)
[    24.884] (II) vmware(0): Modeline "1152x864"x75.0  108.00  1152 1216 1344 1600  864 865 868 900 +hsync +vsync (67.5 kHz e)
[    24.884] (II) vmware(0): Modeline "1280x768"x59.9   79.50  1280 1344 1472 1664  768 771 778 798 -hsync +vsync (47.8 kHz e)
[    24.884] (II) vmware(0): Modeline "1024x768"x60.0   65.00  1024 1048 1184 1344  768 771 777 806 -hsync -vsync (48.4 kHz e)
[    24.884] (II) vmware(0): Modeline "800x600"x60.3   40.00  800 840 968 1056  600 601 605 628 +hsync +vsync (37.9 kHz e)
[    24.884] (II) vmware(0): Modeline "640x480"x59.9   25.18  640 656 752 800  480 489 492 525 -hsync -vsync (31.5 kHz e)
[    24.884] (II) vmware(0): EDID for output Virtual2
[    24.884] (II) vmware(0): EDID for output Virtual3
[    24.884] (II) vmware(0): EDID for output Virtual4
[    24.884] (II) vmware(0): EDID for output Virtual5
[    24.884] (II) vmware(0): EDID for output Virtual6
[    24.884] (II) vmware(0): EDID for output Virtual7
[    24.884] (II) vmware(0): EDID for output Virtual8
[    24.884] (II) vmware(0): Output Virtual1 connected
[    24.884] (II) vmware(0): Output Virtual2 disconnected
[    24.884] (II) vmware(0): Output Virtual3 disconnected
[    24.884] (II) vmware(0): Output Virtual4 disconnected
[    24.884] (II) vmware(0): Output Virtual5 disconnected
[    24.884] (II) vmware(0): Output Virtual6 disconnected
[    24.884] (II) vmware(0): Output Virtual7 disconnected
[    24.884] (II) vmware(0): Output Virtual8 disconnected
[    24.884] (II) vmware(0): Using exact sizes for initial modes
[    24.884] (II) vmware(0): Output Virtual1 using initial mode 800x600 +0+0
[    24.884] (==) vmware(0): DPI set to (96, 96)
[    24.884] (==) vmware(0): Using gamma correction (1.0, 1.0, 1.0)
[    24.884] (II) Loading sub module "fb"
[    24.884] (II) LoadModule: "fb"
[    24.884] (II) Loading /usr/lib/xorg/modules/libfb.so
[    24.898] (II) Module fb: vendor="X.Org Foundation"
[    24.898] 	compiled for 1.19.6, module version = 1.0.0
[    24.898] 	ABI class: X.Org ANSI C Emulation, version 0.4
[    24.898] (II) Loading sub module "dri2"
[    24.898] (II) LoadModule: "dri2"
[    24.898] (II) Module "dri2" already built-in
[    24.898] (II) UnloadModule: "modesetting"
[    24.898] (II) Unloading modesetting
[    24.898] (II) UnloadModule: "fbdev"
[    24.898] (II) Unloading fbdev
[    24.898] (II) UnloadSubModule: "fbdevhw"
[    24.898] (II) Unloading fbdevhw
[    24.898] (II) UnloadModule: "vesa"
[    24.898] (II) Unloading vesa
[    24.898] (==) Depth 24 pixmap format is 32 bpp
[    24.903] (II) vmware(0): Initialized VMWARE_CTRL extension version 0.2
[    24.928] (WW) vmware(0): Failed to initialize Gallium3D Xa. No render acceleration available.
[    24.928] (WW) vmware(0): Skipped initialization of direct rendering due to lack of render acceleration.
[    24.928] (--) vmware(0): Render acceleration is disabled.
[    24.929] (==) vmware(0): Rendercheck mode is disabled.
[    24.929] (--) vmware(0): Direct rendering (3D) is disabled.
[    24.929] (==) vmware(0): Backing store enabled
[    24.929] (==) vmware(0): Silken mouse enabled
[    24.934] (II) vmware(0): RandR 1.2 enabled, ignore the following RandR disabled message.
[    24.936] (==) vmware(0): DPMS enabled
[    24.936] (II) vmware(0): No 3D acceleration. Not setting up textured video.
[    24.936] (WW) vmware(0): Disabling Xv because no adaptors could be initialized.
[    24.936] (--) RandR disabled
[    24.943] (II) SELinux: Disabled on system
[    24.944] (II) AIGLX: Screen 0 is not DRI2 capable
[    24.945] (EE) AIGLX: reverting to software rendering
[    25.603] (II) IGLX: enabled GLX_MESA_copy_sub_buffer
[    25.605] (II) IGLX: Loaded and initialized swrast
[    25.605] (II) GLX: Initialized DRISWRAST GL provider for screen 0
[    25.607] (II) vmware(0): Setting screen physical size to 211 x 158
[    26.126] (II) config/udev: Adding input device Power Button (/dev/input/event0)
[    26.126] (**) Power Button: Applying InputClass "libinput keyboard catchall"
[    26.126] (II) LoadModule: "libinput"
[    26.127] (II) Loading /usr/lib/xorg/modules/input/libinput_drv.so
[    26.182] (II) Module libinput: vendor="X.Org Foundation"
[    26.182] 	compiled for 1.19.6, module version = 0.27.1
[    26.183] 	Module class: X.Org XInput Driver
[    26.183] 	ABI class: X.Org XInput driver, version 24.1
[    26.183] (II) Using input driver 'libinput' for 'Power Button'
[    26.185] (II) systemd-logind: got fd for /dev/input/event0 13:64 fd 20 paused 0
[    26.185] (**) Power Button: always reports core events
[    26.185] (**) Option "Device" "/dev/input/event0"
[    26.185] (**) Option "_source" "server/udev"
[    26.186] (II) event0  - Power Button: is tagged by udev as: Keyboard
[    26.186] (II) event0  - Power Button: device is a keyboard
[    26.186] (II) event0  - Power Button: device removed
[    26.186] (**) Option "config_info" "udev:/sys/devices/LNXSYSTM:00/LNXPWRBN:00/input/input0/event0"
[    26.186] (II) XINPUT: Adding extended input device "Power Button" (type: KEYBOARD, id 6)
[    26.186] (**) Option "xkb_model" "pc105"
[    26.187] (**) Option "xkb_layout" "us"
[    26.187] (II) event0  - Power Button: is tagged by udev as: Keyboard
[    26.187] (II) event0  - Power Button: device is a keyboard
[    26.188] (II) config/udev: Adding input device Sleep Button (/dev/input/event1)
[    26.188] (**) Sleep Button: Applying InputClass "libinput keyboard catchall"
[    26.188] (II) Using input driver 'libinput' for 'Sleep Button'
[    26.190] (II) systemd-logind: got fd for /dev/input/event1 13:65 fd 23 paused 0
[    26.190] (**) Sleep Button: always reports core events
[    26.190] (**) Option "Device" "/dev/input/event1"
[    26.190] (**) Option "_source" "server/udev"
[    26.191] (II) event1  - Sleep Button: is tagged by udev as: Keyboard
[    26.191] (II) event1  - Sleep Button: device is a keyboard
[    26.191] (II) event1  - Sleep Button: device removed
[    26.191] (**) Option "config_info" "udev:/sys/devices/LNXSYSTM:00/LNXSLPBN:00/input/input1/event1"
[    26.191] (II) XINPUT: Adding extended input device "Sleep Button" (type: KEYBOARD, id 7)
[    26.191] (**) Option "xkb_model" "pc105"
[    26.191] (**) Option "xkb_layout" "us"
[    26.192] (II) event1  - Sleep Button: is tagged by udev as: Keyboard
[    26.192] (II) event1  - Sleep Button: device is a keyboard
[    26.193] (II) config/udev: Adding input device Video Bus (/dev/input/event3)
[    26.193] (**) Video Bus: Applying InputClass "libinput keyboard catchall"
[    26.193] (II) Using input driver 'libinput' for 'Video Bus'
[    26.195] (II) systemd-logind: got fd for /dev/input/event3 13:67 fd 24 paused 0
[    26.195] (**) Video Bus: always reports core events
[    26.195] (**) Option "Device" "/dev/input/event3"
[    26.195] (**) Option "_source" "server/udev"
[    26.195] (II) event3  - Video Bus: is tagged by udev as: Keyboard
[    26.195] (II) event3  - Video Bus: device is a keyboard
[    26.195] (II) event3  - Video Bus: device removed
[    26.196] (**) Option "config_info" "udev:/sys/devices/LNXSYSTM:00/LNXSYBUS:00/PNP0A03:00/LNXVIDEO:00/input/input4/event3"
[    26.196] (II) XINPUT: Adding extended input device "Video Bus" (type: KEYBOARD, id 8)
[    26.196] (**) Option "xkb_model" "pc105"
[    26.196] (**) Option "xkb_layout" "us"
[    26.197] (II) event3  - Video Bus: is tagged by udev as: Keyboard
[    26.197] (II) event3  - Video Bus: device is a keyboard
[    26.199] (II) config/udev: Adding input device VirtualBox mouse integration (/dev/input/event6)
[    26.199] (**) VirtualBox mouse integration: Applying InputClass "libinput pointer catchall"
[    26.199] (II) Using input driver 'libinput' for 'VirtualBox mouse integration'
[    26.201] (II) systemd-logind: got fd for /dev/input/event6 13:70 fd 25 paused 0
[    26.201] (**) VirtualBox mouse integration: always reports core events
[    26.201] (**) Option "Device" "/dev/input/event6"
[    26.201] (**) Option "_source" "server/udev"
[    26.201] (II) event6  - VirtualBox mouse integration: is tagged by udev as: Mouse
[    26.202] (II) event6  - VirtualBox mouse integration: device is a pointer
[    26.202] (II) event6  - VirtualBox mouse integration: device removed
[    26.202] (**) Option "config_info" "udev:/sys/devices/pci0000:00/0000:00:04.0/input/input7/event6"
[    26.202] (II) XINPUT: Adding extended input device "VirtualBox mouse integration" (type: MOUSE, id 9)
[    26.202] (**) Option "AccelerationScheme" "none"
[    26.202] (**) VirtualBox mouse integration: (accel) selected scheme none/0
[    26.202] (**) VirtualBox mouse integration: (accel) acceleration factor: 2.000
[    26.203] (**) VirtualBox mouse integration: (accel) acceleration threshold: 4
[    26.203] (II) event6  - VirtualBox mouse integration: is tagged by udev as: Mouse
[    26.203] (II) event6  - VirtualBox mouse integration: device is a pointer
[    26.203] (II) config/udev: Adding input device VirtualBox mouse integration (/dev/input/js1)
[    26.204] (II) No input driver specified, ignoring this device.
[    26.204] (II) This device may have been added with another device file.
[    26.204] (II) config/udev: Adding input device VirtualBox USB Tablet (/dev/input/event5)
[    26.204] (**) VirtualBox USB Tablet: Applying InputClass "libinput pointer catchall"
[    26.204] (II) Using input driver 'libinput' for 'VirtualBox USB Tablet'
[    26.260] (II) systemd-logind: got fd for /dev/input/event5 13:69 fd 26 paused 0
[    26.260] (**) VirtualBox USB Tablet: always reports core events
[    26.260] (**) Option "Device" "/dev/input/event5"
[    26.260] (**) Option "_source" "server/udev"
[    26.261] (II) event5  - VirtualBox USB Tablet: is tagged by udev as: Mouse
[    26.261] (II) event5  - VirtualBox USB Tablet: device is a pointer
[    26.261] (II) event5  - VirtualBox USB Tablet: device removed
[    26.261] (**) Option "config_info" "udev:/sys/devices/pci0000:00/0000:00:06.0/usb1/1-1/1-1:1.0/0003:80EE:0021.0001/input/input6/event5"
[    26.261] (II) XINPUT: Adding extended input device "VirtualBox USB Tablet" (type: MOUSE, id 10)
[    26.261] (**) Option "AccelerationScheme" "none"
[    26.261] (**) VirtualBox USB Tablet: (accel) selected scheme none/0
[    26.261] (**) VirtualBox USB Tablet: (accel) acceleration factor: 2.000
[    26.261] (**) VirtualBox USB Tablet: (accel) acceleration threshold: 4
[    26.262] (II) event5  - VirtualBox USB Tablet: is tagged by udev as: Mouse
[    26.262] (II) event5  - VirtualBox USB Tablet: device is a pointer
[    26.262] (II) config/udev: Adding input device VirtualBox USB Tablet (/dev/input/js0)
[    26.262] (II) No input driver specified, ignoring this device.
[    26.262] (II) This device may have been added with another device file.
[    26.263] (II) config/udev: Adding input device VirtualBox USB Tablet (/dev/input/mouse1)
[    26.263] (II) No input driver specified, ignoring this device.
[    26.263] (II) This device may have been added with another device file.
[    26.263] (II) config/udev: Adding input device AT Translated Set 2 keyboard (/dev/input/event2)
[    26.263] (**) AT Translated Set 2 keyboard: Applying InputClass "libinput keyboard catchall"
[    26.263] (II) Using input driver 'libinput' for 'AT Translated Set 2 keyboard'
[    26.267] (II) systemd-logind: got fd for /dev/input/event2 13:66 fd 27 paused 0
[    26.267] (**) AT Translated Set 2 keyboard: always reports core events
[    26.267] (**) Option "Device" "/dev/input/event2"
[    26.267] (**) Option "_source" "server/udev"
[    26.268] (II) event2  - AT Translated Set 2 keyboard: is tagged by udev as: Keyboard
[    26.268] (II) event2  - AT Translated Set 2 keyboard: device is a keyboard
[    26.268] (II) event2  - AT Translated Set 2 keyboard: device removed
[    26.268] (**) Option "config_info" "udev:/sys/devices/platform/i8042/serio0/input/input2/event2"
[    26.268] (II) XINPUT: Adding extended input device "AT Translated Set 2 keyboard" (type: KEYBOARD, id 11)
[    26.268] (**) Option "xkb_model" "pc105"
[    26.269] (**) Option "xkb_layout" "us"
[    26.269] (II) event2  - AT Translated Set 2 keyboard: is tagged by udev as: Keyboard
[    26.269] (II) event2  - AT Translated Set 2 keyboard: device is a keyboard
[    26.270] (II) config/udev: Adding input device ImExPS/2 Generic Explorer Mouse (/dev/input/event4)
[    26.270] (**) ImExPS/2 Generic Explorer Mouse: Applying InputClass "libinput pointer catchall"
[    26.270] (II) Using input driver 'libinput' for 'ImExPS/2 Generic Explorer Mouse'
[    26.272] (II) systemd-logind: got fd for /dev/input/event4 13:68 fd 28 paused 0
[    26.273] (**) ImExPS/2 Generic Explorer Mouse: always reports core events
[    26.273] (**) Option "Device" "/dev/input/event4"
[    26.273] (**) Option "_source" "server/udev"
[    26.273] (II) event4  - ImExPS/2 Generic Explorer Mouse: is tagged by udev as: Mouse
[    26.273] (II) event4  - ImExPS/2 Generic Explorer Mouse: device is a pointer
[    26.274] (II) event4  - ImExPS/2 Generic Explorer Mouse: device removed
[    26.274] (**) Option "config_info" "udev:/sys/devices/platform/i8042/serio1/input/input5/event4"
[    26.274] (II) XINPUT: Adding extended input device "ImExPS/2 Generic Explorer Mouse" (type: MOUSE, id 12)
[    26.274] (**) Option "AccelerationScheme" "none"
[    26.274] (**) ImExPS/2 Generic Explorer Mouse: (accel) selected scheme none/0
[    26.274] (**) ImExPS/2 Generic Explorer Mouse: (accel) acceleration factor: 2.000
[    26.274] (**) ImExPS/2 Generic Explorer Mouse: (accel) acceleration threshold: 4
[    26.275] (II) event4  - ImExPS/2 Generic Explorer Mouse: is tagged by udev as: Mouse
[    26.275] (II) event4  - ImExPS/2 Generic Explorer Mouse: device is a pointer
[    26.275] (II) config/udev: Adding input device ImExPS/2 Generic Explorer Mouse (/dev/input/mouse0)
[    26.275] (II) No input driver specified, ignoring this device.
[    26.276] (II) This device may have been added with another device file.
[   391.955] (II) config/udev: removing device VirtualBox USB Tablet
[   391.956] (**) Option "fd" "26"
[   391.956] (II) event5  - VirtualBox USB Tablet: device removed
[   391.956] (II) UnloadModule: "libinput"
[   391.956] (II) systemd-logind: releasing fd for 13:69
